
Template: hawkes_top500_probe
Selected 3 expression(s) to submit

Daily budget: 30/30 remaining

=== [1/3] group_rank(ts_mean(abs(returns), 5), industry) ===
  Pre-flight: top similar = alpha_0402 (score=0.594, Sharpe=-0.02)
  [30/30 remaining] submitting expression (46 chars)
    sim_id = prm4L4UV53Jad7wT5O0ZN8
    status: UNKNOWN
    status: COMPLETE
    alpha resource: /alphas/E5kekbl0
  -> status=COMPLETE Sharpe=0.02 Fitness=0.0 Turnover=43.09%
    failure_modes: low_fitness, low_sharpe
    wrote: alpha_1034.md

=== [2/3] group_rank(ts_mean(abs(returns), 5) - ts_mean(abs(returns), 60), industry) ===
  Pre-flight: top similar = alpha_0402 (score=0.594, Sharpe=-0.02)
  [29/30 remaining] submitting expression (74 chars)
    sim_id = 3PWws1atF4KB8Yryi4c9IMV
    status: UNKNOWN
    status: COMPLETE
    alpha resource: /alphas/O0oxoWQb
  -> status=COMPLETE Sharpe=0.28 Fitness=0.06 Turnover=52.81%
    failure_modes: low_fitness, low_sharpe
    wrote: alpha_1035.md

=== [3/3] group_rank(ts_sum(returns, 5), industry) ===
  Pre-flight: top similar = alpha_0402 (score=0.819, Sharpe=-0.02)
  [28/30 remaining] submitting expression (40 chars)
    sim_id = FkayW9vi4u49Y7jKnWwtX6
    status: UNKNOWN
    status: COMPLETE
    alpha resource: /alphas/rKAPAZja
  -> status=COMPLETE Sharpe=-1.2 Fitness=-0.59 Turnover=59.59%
    failure_modes: low_fitness, low_sharpe, sub_universe_failure
    wrote: alpha_1036.md

Done. Submitted 3/3. Budget remaining: 27/30.
