Daily budget: 14/30 remaining
Batch: 4 expressions from private\templates\_mdl77_composite_batch.txt
Daily cap leaves room for 14 more today.


=== [1/4] ===
Pre-flight context (5 related attempt(s)):
  alpha_0992     score=0.49  Sharpe=+1.17  status=rejected
    shared datafields: mdl77_ohistoricalgrowthfactor_chg3yepsast
    shared operators:  group_rank, zscore
    prior failures:    low_fitness, low_sharpe, sub_universe_failure
    expression: group_rank(zscore(mdl77_ohistoricalgrowthfactor_chg3yepsast), industry)
  alpha_0993     score=0.49  Sharpe=+1.13  status=rejected
    shared datafields: mdl77_ohistoricalgrowthfactor_chg3yepsast
    shared operators:  group_rank, zscore
    prior failures:    low_fitness, low_sharpe, sub_universe_failure
    expression: group_rank(zscore(mdl77_ohistoricalgrowthfactor_chg3yepsast), subindustry)
  alpha_0994     score=0.49  Sharpe=+0.57  status=rejected
    shared datafields: mdl77_2earningsqualityfactor_dpcapex
    shared operators:  group_rank, zscore
    prior failures:    low_fitness, low_sharpe
    expression: group_rank(zscore(mdl77_2earningsqualityfactor_dpcapex), industry)
  alpha_0995     score=0.49  Sharpe=+0.50  status=rejected
    shared datafields: mdl77_2earningsqualityfactor_dpcapex
    shared operators:  group_rank, zscore
    prior failures:    low_fitness, low_sharpe
    expression: group_rank(zscore(mdl77_2earningsqualityfactor_dpcapex), subindustry)
  alpha_1000     score=0.49  Sharpe=+1.03  status=rejected
    shared datafields: mdl77_shortsentimentfactor_act_util
    shared operators:  group_rank, zscore
    prior failures:    low_fitness, low_sharpe
    expression: group_rank(zscore(mdl77_shortsentimentfactor_act_util), industry)

[14/30 remaining] submitting expression (270 chars)
  sim_id = 2aD8B7a9w5jOa2wungQoS20
  status: UNKNOWN
  status: COMPLETE
  alpha resource: /alphas/78Jw7lQ5

Result: status=COMPLETE
  Sharpe=1.28  Fitness=0.73  Turnover=29.53%  Returns=9.53%
  failure_modes: low_fitness
  wrote: E:\New folder\WQB\knowledge_graph\private\nodes\alphas\alpha_1002.md

=== [2/4] ===
Pre-flight context (5 related attempt(s)):
  alpha_0992     score=0.49  Sharpe=+1.17  status=rejected
    shared datafields: mdl77_ohistoricalgrowthfactor_chg3yepsast
    shared operators:  group_rank, zscore
    prior failures:    low_fitness, low_sharpe, sub_universe_failure
    expression: group_rank(zscore(mdl77_ohistoricalgrowthfactor_chg3yepsast), industry)
  alpha_0993     score=0.49  Sharpe=+1.13  status=rejected
    shared datafields: mdl77_ohistoricalgrowthfactor_chg3yepsast
    shared operators:  group_rank, zscore
    prior failures:    low_fitness, low_sharpe, sub_universe_failure
    expression: group_rank(zscore(mdl77_ohistoricalgrowthfactor_chg3yepsast), subindustry)
  alpha_0994     score=0.49  Sharpe=+0.57  status=rejected
    shared datafields: mdl77_2earningsqualityfactor_dpcapex
    shared operators:  group_rank, zscore
    prior failures:    low_fitness, low_sharpe
    expression: group_rank(zscore(mdl77_2earningsqualityfactor_dpcapex), industry)
  alpha_0995     score=0.49  Sharpe=+0.50  status=rejected
    shared datafields: mdl77_2earningsqualityfactor_dpcapex
    shared operators:  group_rank, zscore
    prior failures:    low_fitness, low_sharpe
    expression: group_rank(zscore(mdl77_2earningsqualityfactor_dpcapex), subindustry)
  alpha_1000     score=0.49  Sharpe=+1.03  status=rejected
    shared datafields: mdl77_shortsentimentfactor_act_util
    shared operators:  group_rank, zscore
    prior failures:    low_fitness, low_sharpe
    expression: group_rank(zscore(mdl77_shortsentimentfactor_act_util), industry)

[13/30 remaining] submitting expression (187 chars)
  sim_id = 10oM6ned94NebRhpVaJJ2z0
  status: UNKNOWN
  status: COMPLETE
  alpha resource: /alphas/RRdpMQza

Result: status=COMPLETE
  Sharpe=1.4  Fitness=0.74  Turnover=33.79%  Returns=9.36%
  failure_modes: low_fitness
  wrote: E:\New folder\WQB\knowledge_graph\private\nodes\alphas\alpha_1003.md

=== [3/4] ===
Pre-flight context (5 related attempt(s)):
  alpha_1002     score=0.95  Sharpe=+1.28  status=rejected
    shared datafields: mdl77_2earningsqualityfactor_dpcapex, mdl77_ohistoricalgrowthfactor_chg3yepsast, mdl77_shortsentimentfactor_act_util
    shared operators:  group_rank, winsorize, zscore
    prior failures:    low_fitness
    expression: winsorize(0.5 * zscore(group_rank(zscore(mdl77_ohistoricalgrowthfactor_chg3yepsast), indus
  alpha_0992     score=0.49  Sharpe=+1.17  status=rejected
    shared datafields: mdl77_ohistoricalgrowthfactor_chg3yepsast
    shared operators:  group_rank, zscore
    prior failures:    low_fitness, low_sharpe, sub_universe_failure
    expression: group_rank(zscore(mdl77_ohistoricalgrowthfactor_chg3yepsast), industry)
  alpha_0993     score=0.49  Sharpe=+1.13  status=rejected
    shared datafields: mdl77_ohistoricalgrowthfactor_chg3yepsast
    shared operators:  group_rank, zscore
    prior failures:    low_fitness, low_sharpe, sub_universe_failure
    expression: group_rank(zscore(mdl77_ohistoricalgrowthfactor_chg3yepsast), subindustry)
  alpha_0994     score=0.49  Sharpe=+0.57  status=rejected
    shared datafields: mdl77_2earningsqualityfactor_dpcapex
    shared operators:  group_rank, zscore
    prior failures:    low_fitness, low_sharpe
    expression: group_rank(zscore(mdl77_2earningsqualityfactor_dpcapex), industry)
  alpha_0995     score=0.49  Sharpe=+0.50  status=rejected
    shared datafields: mdl77_2earningsqualityfactor_dpcapex
    shared operators:  group_rank, zscore
    prior failures:    low_fitness, low_sharpe
    expression: group_rank(zscore(mdl77_2earningsqualityfactor_dpcapex), subindustry)

[12/30 remaining] submitting expression (273 chars)
  sim_id = 2akM5j2iI4wY8Sk9QIJw19c
  status: UNKNOWN
  status: COMPLETE
  alpha resource: /alphas/d5dxpxoK

Result: status=COMPLETE
  Sharpe=1.29  Fitness=0.73  Turnover=28.19%  Returns=8.92%
  failure_modes: low_fitness
  wrote: E:\New folder\WQB\knowledge_graph\private\nodes\alphas\alpha_1004.md

=== [4/4] ===
Pre-flight context (5 related attempt(s)):
  alpha_1002     score=0.95  Sharpe=+1.28  status=rejected
    shared datafields: mdl77_2earningsqualityfactor_dpcapex, mdl77_ohistoricalgrowthfactor_chg3yepsast, mdl77_shortsentimentfactor_act_util
    shared operators:  group_rank, winsorize, zscore
    prior failures:    low_fitness
    expression: winsorize(0.5 * zscore(group_rank(zscore(mdl77_ohistoricalgrowthfactor_chg3yepsast), indus
  alpha_1003     score=0.95  Sharpe=+1.40  status=rejected
    shared datafields: mdl77_2earningsqualityfactor_dpcapex, mdl77_ohistoricalgrowthfactor_chg3yepsast, mdl77_shortsentimentfactor_act_util
    shared operators:  group_rank, winsorize, zscore
    prior failures:    low_fitness
    expression: winsorize(0.6 * zscore(group_rank(zscore(mdl77_ohistoricalgrowthfactor_chg3yepsast), indus
  alpha_0992     score=0.49  Sharpe=+1.17  status=rejected
    shared datafields: mdl77_ohistoricalgrowthfactor_chg3yepsast
    shared operators:  group_rank, zscore
    prior failures:    low_fitness, low_sharpe, sub_universe_failure
    expression: group_rank(zscore(mdl77_ohistoricalgrowthfactor_chg3yepsast), industry)
  alpha_0993     score=0.49  Sharpe=+1.13  status=rejected
    shared datafields: mdl77_ohistoricalgrowthfactor_chg3yepsast
    shared operators:  group_rank, zscore
    prior failures:    low_fitness, low_sharpe, sub_universe_failure
    expression: group_rank(zscore(mdl77_ohistoricalgrowthfactor_chg3yepsast), subindustry)
  alpha_0994     score=0.49  Sharpe=+0.57  status=rejected
    shared datafields: mdl77_2earningsqualityfactor_dpcapex
    shared operators:  group_rank, zscore
    prior failures:    low_fitness, low_sharpe
    expression: group_rank(zscore(mdl77_2earningsqualityfactor_dpcapex), industry)

[11/30 remaining] submitting expression (270 chars)
  sim_id = 48AStV1jJ4yoaHkpaGIkPBN
  status: UNKNOWN
  status: COMPLETE
  alpha resource: /alphas/78JwWMvQ

Result: status=COMPLETE
  Sharpe=1.23  Fitness=0.62  Turnover=39.72%  Returns=10.07%
  failure_modes: low_fitness, low_sharpe
  wrote: E:\New folder\WQB\knowledge_graph\private\nodes\alphas\alpha_1005.md
